<?xml version="1.0" encoding="UTF-8"?>
<testng-results ignored="0" total="1" passed="1" failed="0" skipped="0">
  <reporter-output>
  </reporter-output>
  <suite started-at="2024-10-14T13:57:41 GST" name="Suite" finished-at="2024-10-14T13:57:47 GST" duration-ms="5981">
    <groups>
    </groups>
    <test started-at="2024-10-14T13:57:41 GST" name="SubCategoryDeleteTest" finished-at="2024-10-14T13:57:47 GST" duration-ms="5981">
      <class name="testscript.SubCategoriesAddNewTest">
        <test-method is-config="true" signature="initializeMethod(java.lang.String)[pri:0, instance:testscript.SubCategoriesAddNewTest@6c80d78a]" started-at="2024-10-14T13:57:41 GST" name="initializeMethod" finished-at="2024-10-14T13:57:44 GST" duration-ms="2862" status="PASS">
          <params>
            <param index="0">
              <value>
                <![CDATA[chrome]]>
              </value>
            </param>
          </params>
          <reporter-output>
          </reporter-output>
        </test-method> <!-- initializeMethod -->
        <test-method signature="verifyAddingNewSubCategoryWithValidDetails(java.lang.String,java.lang.String,java.lang.String)[pri:0, instance:testscript.SubCategoriesAddNewTest@6c80d78a]" started-at="2024-10-14T13:57:44 GST" name="verifyAddingNewSubCategoryWithValidDetails" finished-at="2024-10-14T13:57:47 GST" duration-ms="3081" status="PASS">
          <params>
            <param index="0">
              <value>
                <![CDATA[admin]]>
              </value>
            </param>
            <param index="1">
              <value>
                <![CDATA[admin]]>
              </value>
            </param>
            <param index="2">
              <value>
                <![CDATA[C:\Users\ANUPAMA VISHNU\git\7RMartSuperMarket\SevenRMartSuperMarket\src\test\resources\MeatBalls.jpg]]>
              </value>
            </param>
          </params>
          <reporter-output>
          </reporter-output>
        </test-method> <!-- verifyAddingNewSubCategoryWithValidDetails -->
      </class> <!-- testscript.SubCategoriesAddNewTest -->
    </test> <!-- SubCategoryDeleteTest -->
  </suite> <!-- Suite -->
</testng-results>
