<?xml version="1.0" encoding="UTF-8"?>
<testng-results ignored="0" total="1" passed="1" failed="0" skipped="0">
  <reporter-output>
  </reporter-output>
  <suite started-at="2024-10-17T23:29:48 GST" name="Suite" finished-at="2024-10-17T23:29:55 GST" duration-ms="7380">
    <groups>
    </groups>
    <test started-at="2024-10-17T23:29:48 GST" name="SubCategoryDeleteTest" finished-at="2024-10-17T23:29:55 GST" duration-ms="7380">
      <class name="testscript.AdminUserResetTest">
        <test-method is-config="true" signature="initializeMethod(java.lang.String)[pri:0, instance:testscript.AdminUserResetTest@6c80d78a]" started-at="2024-10-17T23:29:48 GST" name="initializeMethod" finished-at="2024-10-17T23:29:51 GST" duration-ms="3392" status="PASS">
          <params>
            <param index="0">
              <value>
                <![CDATA[chrome]]>
              </value>
            </param>
          </params>
          <reporter-output>
          </reporter-output>
        </test-method> <!-- initializeMethod -->
        <test-method signature="verifyUpdatingUser(java.lang.String,java.lang.String,java.lang.String,java.lang.String)[pri:0, instance:testscript.AdminUserResetTest@6c80d78a]" started-at="2024-10-17T23:29:51 GST" name="verifyUpdatingUser" finished-at="2024-10-17T23:29:55 GST" duration-ms="3954" status="PASS">
          <params>
            <param index="0">
              <value>
                <![CDATA[adminUsername]]>
              </value>
            </param>
            <param index="1">
              <value>
                <![CDATA[newUpdatedUsernameAnupama]]>
              </value>
            </param>
            <param index="2">
              <value>
                <![CDATA[jjjjddd]]>
              </value>
            </param>
            <param index="3">
              <value>
                <![CDATA[Partner]]>
              </value>
            </param>
          </params>
          <reporter-output>
          </reporter-output>
        </test-method> <!-- verifyUpdatingUser -->
      </class> <!-- testscript.AdminUserResetTest -->
    </test> <!-- SubCategoryDeleteTest -->
  </suite> <!-- Suite -->
</testng-results>
