<?xml version="1.0" encoding="UTF-8"?>
<testng-results ignored="0" total="4" passed="4" failed="0" skipped="0">
  <reporter-output>
  </reporter-output>
  <suite started-at="2024-09-27T13:33:39 GST" name="Default suite" finished-at="2024-09-27T13:33:53 GST" duration-ms="14238">
    <groups>
    </groups>
    <test started-at="2024-09-27T13:33:39 GST" name="Default test" finished-at="2024-09-27T13:33:53 GST" duration-ms="14238">
      <class name="testscript.LoginTest">
        <test-method is-config="true" signature="beforeMethod()[pri:0, instance:testscript.LoginTest@bd4dc25]" started-at="2024-09-27T13:33:39 GST" name="beforeMethod" finished-at="2024-09-27T13:33:43 GST" duration-ms="4254" status="PASS">
          <reporter-output>
          </reporter-output>
        </test-method> <!-- beforeMethod -->
        <test-method signature="verifyUserIsAbleToLoginUsingValidCredentials()[pri:0, instance:testscript.LoginTest@bd4dc25]" started-at="2024-09-27T13:33:43 GST" name="verifyUserIsAbleToLoginUsingValidCredentials" finished-at="2024-09-27T13:33:44 GST" duration-ms="953" status="PASS">
          <reporter-output>
          </reporter-output>
        </test-method> <!-- verifyUserIsAbleToLoginUsingValidCredentials -->
        <test-method is-config="true" signature="afterMethod()[pri:0, instance:testscript.LoginTest@bd4dc25]" started-at="2024-09-27T13:33:44 GST" name="afterMethod" finished-at="2024-09-27T13:33:45 GST" duration-ms="192" status="PASS">
          <reporter-output>
          </reporter-output>
        </test-method> <!-- afterMethod -->
        <test-method is-config="true" signature="beforeMethod()[pri:0, instance:testscript.LoginTest@bd4dc25]" started-at="2024-09-27T13:33:45 GST" name="beforeMethod" finished-at="2024-09-27T13:33:47 GST" duration-ms="2340" status="PASS">
          <reporter-output>
          </reporter-output>
        </test-method> <!-- beforeMethod -->
        <test-method signature="verifyUserIsUnableToLoginWithInvalidCredentials()[pri:0, instance:testscript.LoginTest@bd4dc25]" started-at="2024-09-27T13:33:47 GST" name="verifyUserIsUnableToLoginWithInvalidCredentials" finished-at="2024-09-27T13:33:47 GST" duration-ms="450" status="PASS">
          <reporter-output>
          </reporter-output>
        </test-method> <!-- verifyUserIsUnableToLoginWithInvalidCredentials -->
        <test-method is-config="true" signature="afterMethod()[pri:0, instance:testscript.LoginTest@bd4dc25]" started-at="2024-09-27T13:33:47 GST" name="afterMethod" finished-at="2024-09-27T13:33:48 GST" duration-ms="142" status="PASS">
          <reporter-output>
          </reporter-output>
        </test-method> <!-- afterMethod -->
        <test-method is-config="true" signature="beforeMethod()[pri:0, instance:testscript.LoginTest@bd4dc25]" started-at="2024-09-27T13:33:48 GST" name="beforeMethod" finished-at="2024-09-27T13:33:50 GST" duration-ms="2254" status="PASS">
          <reporter-output>
          </reporter-output>
        </test-method> <!-- beforeMethod -->
        <test-method signature="verifyUserIsUnableToLoginWithInvalidPasswordAndValidUserName()[pri:0, instance:testscript.LoginTest@bd4dc25]" started-at="2024-09-27T13:33:50 GST" name="verifyUserIsUnableToLoginWithInvalidPasswordAndValidUserName" finished-at="2024-09-27T13:33:50 GST" duration-ms="474" status="PASS">
          <reporter-output>
          </reporter-output>
        </test-method> <!-- verifyUserIsUnableToLoginWithInvalidPasswordAndValidUserName -->
        <test-method is-config="true" signature="afterMethod()[pri:0, instance:testscript.LoginTest@bd4dc25]" started-at="2024-09-27T13:33:50 GST" name="afterMethod" finished-at="2024-09-27T13:33:50 GST" duration-ms="125" status="PASS">
          <reporter-output>
          </reporter-output>
        </test-method> <!-- afterMethod -->
        <test-method is-config="true" signature="beforeMethod()[pri:0, instance:testscript.LoginTest@bd4dc25]" started-at="2024-09-27T13:33:50 GST" name="beforeMethod" finished-at="2024-09-27T13:33:53 GST" duration-ms="2386" status="PASS">
          <reporter-output>
          </reporter-output>
        </test-method> <!-- beforeMethod -->
        <test-method signature="verifyUserIsUnableToLoginWithValidPasswordAndInalidUserName()[pri:0, instance:testscript.LoginTest@bd4dc25]" started-at="2024-09-27T13:33:53 GST" name="verifyUserIsUnableToLoginWithValidPasswordAndInalidUserName" finished-at="2024-09-27T13:33:53 GST" duration-ms="474" status="PASS">
          <reporter-output>
          </reporter-output>
        </test-method> <!-- verifyUserIsUnableToLoginWithValidPasswordAndInalidUserName -->
        <test-method is-config="true" signature="afterMethod()[pri:0, instance:testscript.LoginTest@bd4dc25]" started-at="2024-09-27T13:33:53 GST" name="afterMethod" finished-at="2024-09-27T13:33:53 GST" duration-ms="141" status="PASS">
          <reporter-output>
          </reporter-output>
        </test-method> <!-- afterMethod -->
      </class> <!-- testscript.LoginTest -->
    </test> <!-- Default test -->
  </suite> <!-- Default suite -->
</testng-results>
