<?xml version="1.0" encoding="UTF-8"?>
<testng-results ignored="0" total="1" passed="1" failed="0" skipped="0">
  <reporter-output>
  </reporter-output>
  <suite started-at="2024-10-01T17:18:19 GST" name="Default suite" finished-at="2024-10-01T17:18:25 GST" duration-ms="5698">
    <groups>
    </groups>
    <test started-at="2024-10-01T17:18:19 GST" name="Default test" finished-at="2024-10-01T17:18:25 GST" duration-ms="5698">
      <class name="testscript.AdminUserResetTest">
        <test-method is-config="true" signature="beforeMethod()[pri:0, instance:testscript.AdminUserResetTest@7205765b]" started-at="2024-10-01T17:18:19 GST" name="beforeMethod" finished-at="2024-10-01T17:18:23 GST" duration-ms="3220" status="PASS">
          <reporter-output>
          </reporter-output>
        </test-method> <!-- beforeMethod -->
        <test-method signature="verifyUpdatingUser()[pri:0, instance:testscript.AdminUserResetTest@7205765b]" started-at="2024-10-01T17:18:23 GST" name="verifyUpdatingUser" finished-at="2024-10-01T17:18:25 GST" duration-ms="2449" status="PASS">
          <reporter-output>
          </reporter-output>
        </test-method> <!-- verifyUpdatingUser -->
      </class> <!-- testscript.AdminUserResetTest -->
    </test> <!-- Default test -->
  </suite> <!-- Default suite -->
</testng-results>
