<?xml version="1.0" encoding="UTF-8"?>
<testng-results ignored="0" total="1" passed="1" failed="0" skipped="0">
  <reporter-output>
  </reporter-output>
  <suite started-at="2024-10-17T13:06:12 GST" name="Suite" finished-at="2024-10-17T13:06:19 GST" duration-ms="6183">
    <groups>
    </groups>
    <test started-at="2024-10-17T13:06:12 GST" name="testNgExtentReport" finished-at="2024-10-17T13:06:19 GST" duration-ms="6183">
      <class name="testscript.SubCategoriesAddNewTest">
        <test-method is-config="true" signature="initializeMethod(java.lang.String)[pri:0, instance:testscript.SubCategoriesAddNewTest@5ddeb7cb]" started-at="2024-10-17T13:06:12 GST" name="initializeMethod" finished-at="2024-10-17T13:06:15 GST" duration-ms="2732" status="PASS">
          <params>
            <param index="0">
              <value>
                <![CDATA[chrome]]>
              </value>
            </param>
          </params>
          <reporter-output>
          </reporter-output>
        </test-method> <!-- initializeMethod -->
        <test-method signature="verifyAddingNewSubCategoryWithValidDetails(java.lang.String,java.lang.String,java.lang.String)[pri:0, instance:testscript.SubCategoriesAddNewTest@5ddeb7cb]" started-at="2024-10-17T13:06:15 GST" name="verifyAddingNewSubCategoryWithValidDetails" finished-at="2024-10-17T13:06:18 GST" duration-ms="3273" status="PASS">
          <params>
            <param index="0">
              <value>
                <![CDATA[C:\Users\ANUPAMA VISHNU\git\7RMartSuperMarket\SevenRMartSuperMarket\src\test\resources\MeatBalls.jpg]]>
              </value>
            </param>
            <param index="1">
              <value>
                <![CDATA[167]]>
              </value>
            </param>
            <param index="2">
              <value>
                <![CDATA[ChickenRasagulla]]>
              </value>
            </param>
          </params>
          <reporter-output>
          </reporter-output>
        </test-method> <!-- verifyAddingNewSubCategoryWithValidDetails -->
        <test-method is-config="true" signature="afterMethod(org.testng.ITestResult)[pri:0, instance:testscript.SubCategoriesAddNewTest@5ddeb7cb]" started-at="2024-10-17T13:06:18 GST" name="afterMethod" finished-at="2024-10-17T13:06:19 GST" duration-ms="149" status="PASS">
          <params>
            <param index="0">
              <value>
                <![CDATA[[TestResult name=verifyAddingNewSubCategoryWithValidDetails status=SUCCESS method=SubCategoriesAddNewTest.verifyAddingNewSubCategoryWithValidDetails(java.lang.String,java.lang.String,java.lang.String)[pri:0, instance:testscript.SubCategoriesAddNewTest@5ddeb7cb] output={null}]]]>
              </value>
            </param>
          </params>
          <reporter-output>
          </reporter-output>
        </test-method> <!-- afterMethod -->
      </class> <!-- testscript.SubCategoriesAddNewTest -->
    </test> <!-- testNgExtentReport -->
  </suite> <!-- Suite -->
</testng-results>
