<?xml version="1.0" encoding="UTF-8"?>
<testng-results ignored="0" total="1" passed="1" failed="0" skipped="0">
  <reporter-output>
  </reporter-output>
  <suite started-at="2024-10-03T14:58:04 GST" name="Default suite" finished-at="2024-10-03T14:58:09 GST" duration-ms="5731">
    <groups>
    </groups>
    <test started-at="2024-10-03T14:58:04 GST" name="Default test" finished-at="2024-10-03T14:58:09 GST" duration-ms="5731">
      <class name="testscript.ManageUserResetTest">
        <test-method is-config="true" signature="beforeMethod()[pri:0, instance:testscript.ManageUserResetTest@7205765b]" started-at="2024-10-03T14:58:04 GST" name="beforeMethod" finished-at="2024-10-03T14:58:07 GST" duration-ms="2959" status="PASS">
          <reporter-output>
          </reporter-output>
        </test-method> <!-- beforeMethod -->
        <test-method signature="verifyResetingTheTitle()[pri:0, instance:testscript.ManageUserResetTest@7205765b]" started-at="2024-10-03T14:58:07 GST" name="verifyResetingTheTitle" finished-at="2024-10-03T14:58:09 GST" duration-ms="2741" status="PASS">
          <reporter-output>
          </reporter-output>
        </test-method> <!-- verifyResetingTheTitle -->
      </class> <!-- testscript.ManageUserResetTest -->
    </test> <!-- Default test -->
  </suite> <!-- Default suite -->
</testng-results>
