<?xml version="1.0" encoding="UTF-8"?>
<!-- Generated by org.testng.reporters.JUnitXMLReporter -->
<testsuite ignored="0" hostname="LAPTOP-QEKB9P62" failures="0" tests="4" name="Default test" time="14.238" errors="0" timestamp="2024-09-27T13:33:53 GST">
  <testcase classname="testscript.LoginTest" name="verifyUserIsAbleToLoginUsingValidCredentials" time="0.953"/>
  <testcase classname="testscript.LoginTest" name="verifyUserIsUnableToLoginWithInvalidCredentials" time="0.45"/>
  <testcase classname="testscript.LoginTest" name="verifyUserIsUnableToLoginWithInvalidPasswordAndValidUserName" time="0.474"/>
  <testcase classname="testscript.LoginTest" name="verifyUserIsUnableToLoginWithValidPasswordAndInalidUserName" time="0.474"/>
</testsuite> <!-- Default test -->
