<?xml version="1.0" encoding="UTF-8"?>
<!-- Generated by org.testng.reporters.JUnitXMLReporter -->
<testsuite ignored="0" hostname="LAPTOP-QEKB9P62" failures="0" tests="1" name="AdminUserResetTest" time="0.045" errors="0" timestamp="2024-10-17T11:37:02 GST">
  <testcase classname="testscript.Base" name="@BeforeMethod initializeMethod" time="-1.729150622246E9">
    <failure type="org.testng.TestNGException" message="
Parameter &amp;apos;browzer&amp;apos; is required by BeforeMethod on method initializeMethod but has not been marked @Optional or defined
in C:\Users\ANUPAMA VISHNU\git\7RMartSuperMarket\SevenRMartSuperMarket\seperateTest.xml">
      <![CDATA[org.testng.TestNGException: 
Parameter 'browzer' is required by BeforeMethod on method initializeMethod but has not been marked @Optional or defined
in C:\Users\ANUPAMA VISHNU\git\7RMartSuperMarket\SevenRMartSuperMarket\seperateTest.xml
at java.base/java.util.ArrayList.forEach(ArrayList.java:1511)
... Removed 28 stack frames]]>
    </failure>
  </testcase> <!-- @BeforeMethod initializeMethod -->
  <testcase classname="testscript.Base" name="@AfterMethod afterMethod" time="-1.729150622262E9">
    <skipped/>
  </testcase> <!-- @AfterMethod afterMethod -->
  <testcase classname="testscript.AdminUserResetTest" name="verifyUpdatingUser" time="0.0">
    <skipped/>
  </testcase> <!-- verifyUpdatingUser -->
</testsuite> <!-- AdminUserResetTest -->
