<?xml version="1.0" encoding="UTF-8"?>
<!-- Generated by org.testng.reporters.JUnitXMLReporter -->
<testsuite ignored="0" hostname="LAPTOP-QEKB9P62" failures="1" tests="1" name="SubCategoryDeleteTest" time="7.921" errors="0" timestamp="2024-10-17T11:46:15 GST">
  <testcase classname="testscript.AdminUsersSearchTest" name="verifySearchingAnExistingUserAndTypeCombination" time="3.954">
    <failure type="java.lang.AssertionError" message="No match is found expected [true] but found [false]">
      <![CDATA[java.lang.AssertionError: No match is found expected [true] but found [false]
at testscript.AdminUsersSearchTest.verifySearchingAnExistingUserAndTypeCombination(AdminUsersSearchTest.java:40)
at java.base/java.util.ArrayList.forEach(ArrayList.java:1511)
... Removed 30 stack frames]]>
    </failure>
  </testcase> <!-- verifySearchingAnExistingUserAndTypeCombination -->
</testsuite> <!-- SubCategoryDeleteTest -->
