<?xml version="1.0" encoding="UTF-8"?>
<!-- Generated by org.testng.reporters.JUnitXMLReporter -->
<testsuite ignored="0" hostname="LAPTOP-QEKB9P62" failures="0" tests="4" name="TestNG" time="21.239" errors="0" timestamp="2024-10-08T18:36:34 GST">
  <testcase classname="testscript.LoginTest" name="verifyUserIsAbleToLoginUsingValidCredentials" time="2.183"/>
  <testcase classname="testscript.LoginTest" name="verifyUserIsUnableToLoginWithInvalidCredentials" time="0.524"/>
  <testcase classname="testscript.LoginTest" name="verifyUserIsUnableToLoginWithInvalidPasswordAndValidUserName" time="0.957"/>
  <testcase classname="testscript.LoginTest" name="verifyUserIsUnableToLoginWithValidPasswordAndInalidUserName" time="1.22"/>
</testsuite> <!-- TestNG -->
