<?xml version="1.0" encoding="UTF-8"?>
<!-- Generated by org.testng.reporters.JUnitXMLReporter -->
<testsuite ignored="3" hostname="LAPTOP-QEKB9P62" failures="0" tests="1" name="edgeTest" time="9.862" errors="0" timestamp="2024-10-09T19:53:32 GST">
  <testcase classname="testscript.LoginTest" name="verifyUserIsUnableToLoginWithValidPasswordAndInalidUserName" time="1.605"/>
  <testcase classname="testscript.LoginTest" name="verifyUserIsUnableToLoginWithInvalidCredentials" time="0.0">
    <ignored/>
  </testcase> <!-- verifyUserIsUnableToLoginWithInvalidCredentials -->
  <testcase classname="testscript.LoginTest" name="verifyUserIsAbleToLoginUsingValidCredentials" time="0.0">
    <ignored/>
  </testcase> <!-- verifyUserIsAbleToLoginUsingValidCredentials -->
  <testcase classname="testscript.LoginTest" name="verifyUserIsUnableToLoginWithInvalidPasswordAndValidUserName" time="0.0">
    <ignored/>
  </testcase> <!-- verifyUserIsUnableToLoginWithInvalidPasswordAndValidUserName -->
</testsuite> <!-- edgeTest -->
